association _HIST__ARGS $'f' $'fix:        remove from history, then load into buffer' $'g' $'get:        load into buffer' $'l' $'list:       look, but do not touch' $'n' $'normalize:  remove from history, then format & append as new' $'r' $'reload:     re-initialize local history from file' $'u' $'undo:       roll back to before last action in same session' $'d' $'delete:     remove from history' $'e' $'edit:       remove from history, then modify & append as new'
array reply $'3222' $'zbell'
association _HIST__OPTS $'-s' $'silent:      do not print anything' $'-f' $'force:       never ask for confirmation' $'-i' $'interactive: always ask for confirmation'
association _HIST__ARGS $'f' $'fix:        remove from history, then load into buffer' $'g' $'get:        load into buffer' $'l' $'list:       look, but do not touch' $'n' $'normalize:  remove from history, then format & append as new' $'r' $'reload:     re-initialize local history from file' $'u' $'undo:       roll back to before last action in same session' $'d' $'delete:     remove from history' $'e' $'edit:       remove from history, then modify & append as new'
association _HIST__OPTS $'-s' $'silent:      do not print anything' $'-f' $'force:       never ask for confirmation' $'-i' $'interactive: always ask for confirmation'
scalar temp_file $'/data/data/com.termux/files/usr/tmp/ranger_cd.5q8BWlA5LJ'
scalar chosen_dir $'/data/data/com.termux/files/home/.config/wget'
scalar ZSH_COLORIZE_TOOL $'pygmentize'
scalar temp_file $'/data/data/com.termux/files/usr/tmp/ranger_cd.J1fVh00aPR'
scalar temp_file $'/data/data/com.termux/files/usr/tmp/ranger_cd.YvyqnNvf63'
scalar chosen_dir $'/data/data/com.termux/files/home/.config/shell'
scalar code $'255'
scalar ZSH_COLORIZE_TOOL $'pygmentize'
scalar temp_file $'/data/data/com.termux/files/usr/tmp/ranger_cd.xFz6x99US3'
scalar chosen_dir $'/data/data/com.termux/files/home'
array reply $'4204' $'https://github.com/lincheney/fzf-tab-completion.git' $'4776' $'typeset -g chosen_dir; chosen_dir=\'/data/data/com.termux/files/home/.config/shell\'' $'4792' $'ast-highlight-main-type ' $'4794' $'ranger_cd'
array reply $'4792' $'ast-highlight-main-type  #:hist:push-line:'
array reply $'4776' $'typeset -g chosen_dir; chosen_dir=\'/data/data/com.termux/files/home/.config/shell\' #:hist:push-line:'
array reply $'4204' $'https://github.com/lincheney/fzf-tab-completion.git #:hist:push-line:'
scalar GIT_DISCOVERY_ACROSS_FILESYSTEM $'1'
